<?xml version="1.0" encoding="UTF-8" ?>
<testsuite tests="4" failures="0" name="org.sentsov.net.BetterProgrammerTest" time="0.045" errors="0" skipped="0">
  <properties>
[...]
</properties>
  <testcase classname="org.sentsov.net.BetterProgrammerTest" name="getSumNumberExceptionTest" time="0.003"/>
  <testcase classname="org.sentsov.net.BetterProgrammerTest" name="getPrimeNumberTest" time="0.036"/>
  <testcase classname="org.sentsov.net.BetterProgrammerTest" name="countWaysToProduceGivenAmountOfMoneyTest" time="0.003"/>
  <testcase classname="org.sentsov.net.BetterProgrammerTest" name="getSumNumberTest" time="0.003"/>
</testsuite>